Starting SellApplication on 5HVJYPAN9TYFD4L with PID 49988 (E:\ideaWorkspaces\dev\java\imooc\sell\target\classes started by Administrator in E:\ideaWorkspaces\dev\java\imooc\sell)
The following profiles are active: dev
Refreshing org.springframework.boot.context.embedded.AnnotationConfigEmbeddedWebApplicationContext@7bedc48a: startup date [Thu Apr 19 15:32:45 CST 2018]; root of context hierarchy
HV000001: Hibernate Validator 5.2.4.Final
Bean 'org.springframework.transaction.annotation.ProxyTransactionManagementConfiguration' of type [class org.springframework.transaction.annotation.ProxyTransactionManagementConfiguration$$EnhancerBySpringCGLIB$$88a281ae] is not eligible for getting processed by all BeanPostProcessors (for example: not eligible for auto-proxying)
Tomcat initialized with port(s): 8080 (http)
Starting service Tomcat
Starting Servlet Engine: Apache Tomcat/8.5.5
Initializing Spring embedded WebApplicationContext
Root WebApplicationContext: initialization completed in 1591 ms
Mapping servlet: 'dispatcherServlet' to [/]
Mapping filter: 'characterEncodingFilter' to: [/*]
Mapping filter: 'hiddenHttpMethodFilter' to: [/*]
Mapping filter: 'httpPutFormContentFilter' to: [/*]
Mapping filter: 'requestContextFilter' to: [/*]
Building JPA container EntityManagerFactory for persistence unit 'default'
HHH000204: Processing PersistenceUnitInfo [
	name: default
	...]
HHH000412: Hibernate Core {5.0.11.Final}
HHH000206: hibernate.properties not found
HHH000021: Bytecode provider name : javassist
HCANN000001: Hibernate Commons Annotations {5.0.1.Final}
HHH000400: Using dialect: org.hibernate.dialect.MySQL5Dialect
HHH000228: Running hbm2ddl schema update
Initialized JPA EntityManagerFactory for persistence unit 'default'
Looking for @ControllerAdvice: org.springframework.boot.context.embedded.AnnotationConfigEmbeddedWebApplicationContext@7bedc48a: startup date [Thu Apr 19 15:32:45 CST 2018]; root of context hierarchy
Mapped "{[/buyer/order/create],methods=[POST]}" onto public com.tianye.sell.VO.ResultVO<java.util.Map<java.lang.String, java.lang.String>> com.tianye.sell.controller.BuyerOrderController.create(com.tianye.sell.form.OrderForm,org.springframework.validation.BindingResult)
Mapped "{[/buyer/order/list],methods=[GET]}" onto public com.tianye.sell.VO.ResultVO<com.tianye.sell.dto.OrderDTO> com.tianye.sell.controller.BuyerOrderController.list(java.lang.String,java.lang.Integer,java.lang.Integer)
Mapped "{[/buyer/order/cancel],methods=[POST]}" onto public com.tianye.sell.VO.ResultVO com.tianye.sell.controller.BuyerOrderController.cancel(java.lang.String,java.lang.String)
Mapped "{[/buyer/order/detail],methods=[GET]}" onto public com.tianye.sell.VO.ResultVO<com.tianye.sell.dto.OrderDTO> com.tianye.sell.controller.BuyerOrderController.detail(java.lang.String,java.lang.String)
Mapped "{[/buyer/product/list],methods=[GET]}" onto public com.tianye.sell.VO.ResultVO com.tianye.sell.controller.BuyerProductController.list()
Mapped "{[/wechat/userinfo],methods=[GET]}" onto public void com.tianye.sell.controller.WechatController.userInfo()
Mapped "{[/wechat/authorize],methods=[GET]}" onto public java.lang.String com.tianye.sell.controller.WechatController.authorize(java.lang.String)
Mapped "{[/weixin/auth],methods=[GET]}" onto public void com.tianye.sell.controller.WeixinController.auth(java.lang.String,java.lang.String)
Mapped "{[/error]}" onto public org.springframework.http.ResponseEntity<java.util.Map<java.lang.String, java.lang.Object>> org.springframework.boot.autoconfigure.web.BasicErrorController.error(javax.servlet.http.HttpServletRequest)
Mapped "{[/error],produces=[text/html]}" onto public org.springframework.web.servlet.ModelAndView org.springframework.boot.autoconfigure.web.BasicErrorController.errorHtml(javax.servlet.http.HttpServletRequest,javax.servlet.http.HttpServletResponse)
Mapped URL path [/webjars/**] onto handler of type [class org.springframework.web.servlet.resource.ResourceHttpRequestHandler]
Mapped URL path [/**] onto handler of type [class org.springframework.web.servlet.resource.ResourceHttpRequestHandler]
Mapped URL path [/**/favicon.ico] onto handler of type [class org.springframework.web.servlet.resource.ResourceHttpRequestHandler]
Registering beans for JMX exposure on startup
Initializing ProtocolHandler ["http-nio-8080"]
Starting ProtocolHandler [http-nio-8080]
Using a shared selector for servlet write/read
Tomcat started on port(s): 8080 (http)
Started SellApplication in 4.95 seconds (JVM running for 5.946)
Starting SellApplication on 5HVJYPAN9TYFD4L with PID 25136 (E:\ideaWorkspaces\dev\java\imooc\sell\target\classes started by Administrator in E:\ideaWorkspaces\dev\java\imooc\sell)
The following profiles are active: dev
Refreshing org.springframework.boot.context.embedded.AnnotationConfigEmbeddedWebApplicationContext@7bedc48a: startup date [Thu Apr 19 15:33:38 CST 2018]; root of context hierarchy
HV000001: Hibernate Validator 5.2.4.Final
Bean 'org.springframework.transaction.annotation.ProxyTransactionManagementConfiguration' of type [class org.springframework.transaction.annotation.ProxyTransactionManagementConfiguration$$EnhancerBySpringCGLIB$$88a281ae] is not eligible for getting processed by all BeanPostProcessors (for example: not eligible for auto-proxying)
Tomcat initialized with port(s): 8080 (http)
Starting service Tomcat
Starting Servlet Engine: Apache Tomcat/8.5.5
Initializing Spring embedded WebApplicationContext
Root WebApplicationContext: initialization completed in 1587 ms
Mapping servlet: 'dispatcherServlet' to [/]
Mapping filter: 'characterEncodingFilter' to: [/*]
Mapping filter: 'hiddenHttpMethodFilter' to: [/*]
Mapping filter: 'httpPutFormContentFilter' to: [/*]
Mapping filter: 'requestContextFilter' to: [/*]
Building JPA container EntityManagerFactory for persistence unit 'default'
HHH000204: Processing PersistenceUnitInfo [
	name: default
	...]
HHH000412: Hibernate Core {5.0.11.Final}
HHH000206: hibernate.properties not found
HHH000021: Bytecode provider name : javassist
HCANN000001: Hibernate Commons Annotations {5.0.1.Final}
HHH000400: Using dialect: org.hibernate.dialect.MySQL5Dialect
HHH000228: Running hbm2ddl schema update
Initialized JPA EntityManagerFactory for persistence unit 'default'
Looking for @ControllerAdvice: org.springframework.boot.context.embedded.AnnotationConfigEmbeddedWebApplicationContext@7bedc48a: startup date [Thu Apr 19 15:33:38 CST 2018]; root of context hierarchy
Mapped "{[/buyer/order/create],methods=[POST]}" onto public com.tianye.sell.VO.ResultVO<java.util.Map<java.lang.String, java.lang.String>> com.tianye.sell.controller.BuyerOrderController.create(com.tianye.sell.form.OrderForm,org.springframework.validation.BindingResult)
Mapped "{[/buyer/order/list],methods=[GET]}" onto public com.tianye.sell.VO.ResultVO<com.tianye.sell.dto.OrderDTO> com.tianye.sell.controller.BuyerOrderController.list(java.lang.String,java.lang.Integer,java.lang.Integer)
Mapped "{[/buyer/order/detail],methods=[GET]}" onto public com.tianye.sell.VO.ResultVO<com.tianye.sell.dto.OrderDTO> com.tianye.sell.controller.BuyerOrderController.detail(java.lang.String,java.lang.String)
Mapped "{[/buyer/order/cancel],methods=[POST]}" onto public com.tianye.sell.VO.ResultVO com.tianye.sell.controller.BuyerOrderController.cancel(java.lang.String,java.lang.String)
Mapped "{[/buyer/product/list],methods=[GET]}" onto public com.tianye.sell.VO.ResultVO com.tianye.sell.controller.BuyerProductController.list()
Mapped "{[/wechat/userinfo],methods=[GET]}" onto public void com.tianye.sell.controller.WechatController.userInfo()
Mapped "{[/wechat/authorize],methods=[GET]}" onto public java.lang.String com.tianye.sell.controller.WechatController.authorize(java.lang.String)
Mapped "{[/weixin/auth],methods=[GET]}" onto public void com.tianye.sell.controller.WeixinController.auth(java.lang.String,java.lang.String)
Mapped "{[/error]}" onto public org.springframework.http.ResponseEntity<java.util.Map<java.lang.String, java.lang.Object>> org.springframework.boot.autoconfigure.web.BasicErrorController.error(javax.servlet.http.HttpServletRequest)
Mapped "{[/error],produces=[text/html]}" onto public org.springframework.web.servlet.ModelAndView org.springframework.boot.autoconfigure.web.BasicErrorController.errorHtml(javax.servlet.http.HttpServletRequest,javax.servlet.http.HttpServletResponse)
Mapped URL path [/webjars/**] onto handler of type [class org.springframework.web.servlet.resource.ResourceHttpRequestHandler]
Mapped URL path [/**] onto handler of type [class org.springframework.web.servlet.resource.ResourceHttpRequestHandler]
Mapped URL path [/**/favicon.ico] onto handler of type [class org.springframework.web.servlet.resource.ResourceHttpRequestHandler]
Registering beans for JMX exposure on startup
Initializing ProtocolHandler ["http-nio-8080"]
Starting ProtocolHandler [http-nio-8080]
Using a shared selector for servlet write/read
Tomcat started on port(s): 8080 (http)
Started SellApplication in 4.649 seconds (JVM running for 5.63)
Initializing Spring FrameworkServlet 'dispatcherServlet'
FrameworkServlet 'dispatcherServlet': initialization started
FrameworkServlet 'dispatcherServlet': initialization completed in 23 ms
进入userinfo……
进入微信auth……
code:"111"
state:"222"
response:{"errcode":40029,"errmsg":"invalid code, hints: [ req_id: sMX3Ba0369th19 ]"}
Starting SellApplication on 5HVJYPAN9TYFD4L with PID 2976 (E:\ideaWorkspaces\dev\java\imooc\sell\target\classes started by Administrator in E:\ideaWorkspaces\dev\java\imooc\sell)
The following profiles are active: dev
Refreshing org.springframework.boot.context.embedded.AnnotationConfigEmbeddedWebApplicationContext@655f7ea: startup date [Thu Apr 19 16:08:12 CST 2018]; root of context hierarchy
HV000001: Hibernate Validator 5.2.4.Final
Bean 'org.springframework.transaction.annotation.ProxyTransactionManagementConfiguration' of type [class org.springframework.transaction.annotation.ProxyTransactionManagementConfiguration$$EnhancerBySpringCGLIB$$77a37c49] is not eligible for getting processed by all BeanPostProcessors (for example: not eligible for auto-proxying)
Tomcat initialized with port(s): 8080 (http)
Starting service Tomcat
Starting Servlet Engine: Apache Tomcat/8.5.5
Initializing Spring embedded WebApplicationContext
Root WebApplicationContext: initialization completed in 1884 ms
Mapping servlet: 'dispatcherServlet' to [/]
Mapping filter: 'characterEncodingFilter' to: [/*]
Mapping filter: 'hiddenHttpMethodFilter' to: [/*]
Mapping filter: 'httpPutFormContentFilter' to: [/*]
Mapping filter: 'requestContextFilter' to: [/*]
Building JPA container EntityManagerFactory for persistence unit 'default'
HHH000204: Processing PersistenceUnitInfo [
	name: default
	...]
HHH000412: Hibernate Core {5.0.11.Final}
HHH000206: hibernate.properties not found
HHH000021: Bytecode provider name : javassist
HCANN000001: Hibernate Commons Annotations {5.0.1.Final}
HHH000400: Using dialect: org.hibernate.dialect.MySQL5Dialect
HHH000228: Running hbm2ddl schema update
Initialized JPA EntityManagerFactory for persistence unit 'default'
Looking for @ControllerAdvice: org.springframework.boot.context.embedded.AnnotationConfigEmbeddedWebApplicationContext@655f7ea: startup date [Thu Apr 19 16:08:12 CST 2018]; root of context hierarchy
Mapped "{[/buyer/order/create],methods=[POST]}" onto public com.tianye.sell.VO.ResultVO<java.util.Map<java.lang.String, java.lang.String>> com.tianye.sell.controller.BuyerOrderController.create(com.tianye.sell.form.OrderForm,org.springframework.validation.BindingResult)
Mapped "{[/buyer/order/list],methods=[GET]}" onto public com.tianye.sell.VO.ResultVO<com.tianye.sell.dto.OrderDTO> com.tianye.sell.controller.BuyerOrderController.list(java.lang.String,java.lang.Integer,java.lang.Integer)
Mapped "{[/buyer/order/cancel],methods=[POST]}" onto public com.tianye.sell.VO.ResultVO com.tianye.sell.controller.BuyerOrderController.cancel(java.lang.String,java.lang.String)
Mapped "{[/buyer/order/detail],methods=[GET]}" onto public com.tianye.sell.VO.ResultVO<com.tianye.sell.dto.OrderDTO> com.tianye.sell.controller.BuyerOrderController.detail(java.lang.String,java.lang.String)
Mapped "{[/buyer/product/list],methods=[GET]}" onto public com.tianye.sell.VO.ResultVO com.tianye.sell.controller.BuyerProductController.list()
Mapped "{[/wechat/userinfo],methods=[GET]}" onto public java.lang.String com.tianye.sell.controller.WechatController.userInfo(java.lang.String,java.lang.String)
Mapped "{[/wechat/authorize],methods=[GET]}" onto public java.lang.String com.tianye.sell.controller.WechatController.authorize(java.lang.String)
Mapped "{[/weixin/auth],methods=[GET]}" onto public void com.tianye.sell.controller.WeixinController.auth(java.lang.String,java.lang.String)
Mapped "{[/error]}" onto public org.springframework.http.ResponseEntity<java.util.Map<java.lang.String, java.lang.Object>> org.springframework.boot.autoconfigure.web.BasicErrorController.error(javax.servlet.http.HttpServletRequest)
Mapped "{[/error],produces=[text/html]}" onto public org.springframework.web.servlet.ModelAndView org.springframework.boot.autoconfigure.web.BasicErrorController.errorHtml(javax.servlet.http.HttpServletRequest,javax.servlet.http.HttpServletResponse)
Mapped URL path [/webjars/**] onto handler of type [class org.springframework.web.servlet.resource.ResourceHttpRequestHandler]
Mapped URL path [/**] onto handler of type [class org.springframework.web.servlet.resource.ResourceHttpRequestHandler]
Mapped URL path [/**/favicon.ico] onto handler of type [class org.springframework.web.servlet.resource.ResourceHttpRequestHandler]
Registering beans for JMX exposure on startup
Initializing ProtocolHandler ["http-nio-8080"]
Starting ProtocolHandler [http-nio-8080]
Using a shared selector for servlet write/read
Tomcat started on port(s): 8080 (http)
Started SellApplication in 9.417 seconds (JVM running for 10.633)
Initializing Spring FrameworkServlet 'dispatcherServlet'
FrameworkServlet 'dispatcherServlet': initialization started
FrameworkServlet 'dispatcherServlet': initialization completed in 38 ms
result:https://open.weixin.qq.com/connect/oauth2/authorize?appid=wx00d5772bc0058d9b&redirect_uri=http%3A%2F%2F7dian.nat300.top%2Fsell%2Fwechat%2Fuserinfo&response_type=code&scope=snsapi_userinfo&state=#wechat_redirect
result:https://open.weixin.qq.com/connect/oauth2/authorize?appid=wx00d5772bc0058d9b&redirect_uri=http%3A%2F%2F7dian.nat300.top%2Fsell%2Fwechat%2Fuserinfo&response_type=code&scope=snsapi_userinfo&state=#wechat_redirect
进入userinfo……
code:011jxcvH0RZGoh2SeVwH0LbcvH0jxcvC,returnUrl:
进入userinfo……
code:011jxcvH0RZGoh2SeVwH0LbcvH0jxcvC,returnUrl:
Starting SellApplication on 5HVJYPAN9TYFD4L with PID 15936 (E:\ideaWorkspaces\dev\java\imooc\sell\target\classes started by Administrator in E:\ideaWorkspaces\dev\java\imooc\sell)
The following profiles are active: dev
Refreshing org.springframework.boot.context.embedded.AnnotationConfigEmbeddedWebApplicationContext@4409e975: startup date [Thu Apr 19 16:25:27 CST 2018]; root of context hierarchy
HV000001: Hibernate Validator 5.2.4.Final
Bean 'org.springframework.transaction.annotation.ProxyTransactionManagementConfiguration' of type [class org.springframework.transaction.annotation.ProxyTransactionManagementConfiguration$$EnhancerBySpringCGLIB$$6dab8b71] is not eligible for getting processed by all BeanPostProcessors (for example: not eligible for auto-proxying)
Tomcat initialized with port(s): 8080 (http)
Starting service Tomcat
Starting Servlet Engine: Apache Tomcat/8.5.5
Initializing Spring embedded WebApplicationContext
Root WebApplicationContext: initialization completed in 1948 ms
Mapping servlet: 'dispatcherServlet' to [/]
Mapping filter: 'characterEncodingFilter' to: [/*]
Mapping filter: 'hiddenHttpMethodFilter' to: [/*]
Mapping filter: 'httpPutFormContentFilter' to: [/*]
Mapping filter: 'requestContextFilter' to: [/*]
Building JPA container EntityManagerFactory for persistence unit 'default'
HHH000204: Processing PersistenceUnitInfo [
	name: default
	...]
HHH000412: Hibernate Core {5.0.11.Final}
HHH000206: hibernate.properties not found
HHH000021: Bytecode provider name : javassist
HCANN000001: Hibernate Commons Annotations {5.0.1.Final}
HHH000400: Using dialect: org.hibernate.dialect.MySQL5Dialect
HHH000228: Running hbm2ddl schema update
Initialized JPA EntityManagerFactory for persistence unit 'default'
Looking for @ControllerAdvice: org.springframework.boot.context.embedded.AnnotationConfigEmbeddedWebApplicationContext@4409e975: startup date [Thu Apr 19 16:25:27 CST 2018]; root of context hierarchy
Mapped "{[/buyer/order/create],methods=[POST]}" onto public com.tianye.sell.VO.ResultVO<java.util.Map<java.lang.String, java.lang.String>> com.tianye.sell.controller.BuyerOrderController.create(com.tianye.sell.form.OrderForm,org.springframework.validation.BindingResult)
Mapped "{[/buyer/order/list],methods=[GET]}" onto public com.tianye.sell.VO.ResultVO<com.tianye.sell.dto.OrderDTO> com.tianye.sell.controller.BuyerOrderController.list(java.lang.String,java.lang.Integer,java.lang.Integer)
Mapped "{[/buyer/order/cancel],methods=[POST]}" onto public com.tianye.sell.VO.ResultVO com.tianye.sell.controller.BuyerOrderController.cancel(java.lang.String,java.lang.String)
Mapped "{[/buyer/order/detail],methods=[GET]}" onto public com.tianye.sell.VO.ResultVO<com.tianye.sell.dto.OrderDTO> com.tianye.sell.controller.BuyerOrderController.detail(java.lang.String,java.lang.String)
Mapped "{[/buyer/product/list],methods=[GET]}" onto public com.tianye.sell.VO.ResultVO com.tianye.sell.controller.BuyerProductController.list()
Mapped "{[/wechat/userinfo],methods=[GET]}" onto public java.lang.String com.tianye.sell.controller.WechatController.userInfo(java.lang.String,java.lang.String)
Mapped "{[/wechat/authorize],methods=[GET]}" onto public java.lang.String com.tianye.sell.controller.WechatController.authorize(java.lang.String)
Mapped "{[/weixin/auth],methods=[GET]}" onto public void com.tianye.sell.controller.WeixinController.auth(java.lang.String,java.lang.String)
Mapped "{[/error]}" onto public org.springframework.http.ResponseEntity<java.util.Map<java.lang.String, java.lang.Object>> org.springframework.boot.autoconfigure.web.BasicErrorController.error(javax.servlet.http.HttpServletRequest)
Mapped "{[/error],produces=[text/html]}" onto public org.springframework.web.servlet.ModelAndView org.springframework.boot.autoconfigure.web.BasicErrorController.errorHtml(javax.servlet.http.HttpServletRequest,javax.servlet.http.HttpServletResponse)
Mapped URL path [/webjars/**] onto handler of type [class org.springframework.web.servlet.resource.ResourceHttpRequestHandler]
Mapped URL path [/**] onto handler of type [class org.springframework.web.servlet.resource.ResourceHttpRequestHandler]
Mapped URL path [/**/favicon.ico] onto handler of type [class org.springframework.web.servlet.resource.ResourceHttpRequestHandler]
Registering beans for JMX exposure on startup
Initializing ProtocolHandler ["http-nio-8080"]
Starting ProtocolHandler [http-nio-8080]
Using a shared selector for servlet write/read
Tomcat started on port(s): 8080 (http)
Started SellApplication in 9.048 seconds (JVM running for 10.317)
Initializing Spring FrameworkServlet 'dispatcherServlet'
FrameworkServlet 'dispatcherServlet': initialization started
FrameworkServlet 'dispatcherServlet': initialization completed in 33 ms
redirectURI:https://open.weixin.qq.com/connect/oauth2/authorize?appid=wx00d5772bc0058d9b&redirect_uri=http%3A%2F%2F7dian.nat300.top%2Fsell%2Fwechat%2Fuserinfo&response_type=code&scope=snsapi_userinfo&state=http%3A%2F%2Fwww.imooc.com#wechat_redirect
进入userinfo……
code:011JGOQq0yN7Zp18vPPq0iHNQq0JGOQg,returnUrl:http://www.imooc.com
进入userinfo……
code:011JGOQq0yN7Zp18vPPq0iHNQq0JGOQg,returnUrl:http://www.imooc.com
进入userinfo……
code:011JGOQq0yN7Zp18vPPq0iHNQq0JGOQg,returnUrl:http://www.imooc.com
进入userinfo……
code:011JGOQq0yN7Zp18vPPq0iHNQq0JGOQg,returnUrl:http://www.imooc.com
redirectURI:https://open.weixin.qq.com/connect/oauth2/authorize?appid=wx00d5772bc0058d9b&redirect_uri=http%3A%2F%2F7dian.nat300.top%2Fsell%2Fwechat%2Fuserinfo&response_type=code&scope=snsapi_userinfo&state=http%3A%2F%2Fwww.imooc.com#wechat_redirect
redirectURI:https://open.weixin.qq.com/connect/oauth2/authorize?appid=wx00d5772bc0058d9b&redirect_uri=http%3A%2F%2F7dian.nat300.top%2Fsell%2Fwechat%2Fuserinfo&response_type=code&scope=snsapi_userinfo&state=http%3A%2F%2Fwww.imooc.com#wechat_redirect
redirectURI:https://open.weixin.qq.com/connect/oauth2/authorize?appid=wx00d5772bc0058d9b&redirect_uri=http%3A%2F%2F7dian.nat300.top%2Fsell%2Fwechat%2Fuserinfo&response_type=code&scope=snsapi_userinfo&state=http%3A%2F%2Fwww.imooc.com#wechat_redirect
redirectURI:https://open.weixin.qq.com/connect/oauth2/authorize?appid=wx00d5772bc0058d9b&redirect_uri=http%3A%2F%2F7dian.nat300.top%2Fsell%2Fwechat%2Fuserinfo&response_type=code&scope=snsapi_userinfo&state=http%3A%2F%2Fwww.imooc.com#wechat_redirect
redirectURI:https://open.weixin.qq.com/connect/oauth2/authorize?appid=wx00d5772bc0058d9b&redirect_uri=http%3A%2F%2F7dian.nat300.top%2Fsell%2Fwechat%2Fuserinfo&response_type=code&scope=snsapi_userinfo&state=http%3A%2F%2Fwww.imooc.com#wechat_redirect
进入userinfo……
进入userinfo……
code:061AtRJl1eqmGl0cwgMl1pGRJl1AtRJ1,returnUrl:http://www.imooc.com
进入userinfo……
进入userinfo……
进入userinfo……
code:061AtRJl1eqmGl0cwgMl1pGRJl1AtRJ1,returnUrl:http://www.imooc.com
code:061AtRJl1eqmGl0cwgMl1pGRJl1AtRJ1,returnUrl:http://www.imooc.com
进入userinfo……
code:061AtRJl1eqmGl0cwgMl1pGRJl1AtRJ1,returnUrl:http://www.imooc.com
code:061AtRJl1eqmGl0cwgMl1pGRJl1AtRJ1,returnUrl:http://www.imooc.com
code:061AtRJl1eqmGl0cwgMl1pGRJl1AtRJ1,returnUrl:http://www.imooc.com
Starting SellApplication on 5HVJYPAN9TYFD4L with PID 76608 (E:\ideaWorkspaces\dev\java\imooc\sell\target\classes started by Administrator in E:\ideaWorkspaces\dev\java\imooc\sell)
The following profiles are active: dev
Refreshing org.springframework.boot.context.embedded.AnnotationConfigEmbeddedWebApplicationContext@655f7ea: startup date [Thu Apr 19 16:37:03 CST 2018]; root of context hierarchy
HV000001: Hibernate Validator 5.2.4.Final
Bean 'org.springframework.transaction.annotation.ProxyTransactionManagementConfiguration' of type [class org.springframework.transaction.annotation.ProxyTransactionManagementConfiguration$$EnhancerBySpringCGLIB$$5235daf8] is not eligible for getting processed by all BeanPostProcessors (for example: not eligible for auto-proxying)
Tomcat initialized with port(s): 8080 (http)
Starting service Tomcat
Starting Servlet Engine: Apache Tomcat/8.5.5
Initializing Spring embedded WebApplicationContext
Root WebApplicationContext: initialization completed in 1713 ms
Mapping servlet: 'dispatcherServlet' to [/]
Mapping filter: 'characterEncodingFilter' to: [/*]
Mapping filter: 'hiddenHttpMethodFilter' to: [/*]
Mapping filter: 'httpPutFormContentFilter' to: [/*]
Mapping filter: 'requestContextFilter' to: [/*]
Building JPA container EntityManagerFactory for persistence unit 'default'
HHH000204: Processing PersistenceUnitInfo [
	name: default
	...]
HHH000412: Hibernate Core {5.0.11.Final}
HHH000206: hibernate.properties not found
HHH000021: Bytecode provider name : javassist
HCANN000001: Hibernate Commons Annotations {5.0.1.Final}
HHH000400: Using dialect: org.hibernate.dialect.MySQL5Dialect
HHH000228: Running hbm2ddl schema update
Initialized JPA EntityManagerFactory for persistence unit 'default'
Looking for @ControllerAdvice: org.springframework.boot.context.embedded.AnnotationConfigEmbeddedWebApplicationContext@655f7ea: startup date [Thu Apr 19 16:37:03 CST 2018]; root of context hierarchy
Mapped "{[/buyer/order/create],methods=[POST]}" onto public com.tianye.sell.VO.ResultVO<java.util.Map<java.lang.String, java.lang.String>> com.tianye.sell.controller.BuyerOrderController.create(com.tianye.sell.form.OrderForm,org.springframework.validation.BindingResult)
Mapped "{[/buyer/order/list],methods=[GET]}" onto public com.tianye.sell.VO.ResultVO<com.tianye.sell.dto.OrderDTO> com.tianye.sell.controller.BuyerOrderController.list(java.lang.String,java.lang.Integer,java.lang.Integer)
Mapped "{[/buyer/order/cancel],methods=[POST]}" onto public com.tianye.sell.VO.ResultVO com.tianye.sell.controller.BuyerOrderController.cancel(java.lang.String,java.lang.String)
Mapped "{[/buyer/order/detail],methods=[GET]}" onto public com.tianye.sell.VO.ResultVO<com.tianye.sell.dto.OrderDTO> com.tianye.sell.controller.BuyerOrderController.detail(java.lang.String,java.lang.String)
Mapped "{[/buyer/product/list],methods=[GET]}" onto public com.tianye.sell.VO.ResultVO com.tianye.sell.controller.BuyerProductController.list()
Mapped "{[/wechat/userinfo],methods=[GET]}" onto public java.lang.String com.tianye.sell.controller.WechatController.userInfo(java.lang.String,java.lang.String)
Mapped "{[/wechat/authorize],methods=[GET]}" onto public java.lang.String com.tianye.sell.controller.WechatController.authorize(java.lang.String)
Mapped "{[/weixin/auth],methods=[GET]}" onto public void com.tianye.sell.controller.WeixinController.auth(java.lang.String,java.lang.String)
Mapped "{[/error]}" onto public org.springframework.http.ResponseEntity<java.util.Map<java.lang.String, java.lang.Object>> org.springframework.boot.autoconfigure.web.BasicErrorController.error(javax.servlet.http.HttpServletRequest)
Mapped "{[/error],produces=[text/html]}" onto public org.springframework.web.servlet.ModelAndView org.springframework.boot.autoconfigure.web.BasicErrorController.errorHtml(javax.servlet.http.HttpServletRequest,javax.servlet.http.HttpServletResponse)
Mapped URL path [/webjars/**] onto handler of type [class org.springframework.web.servlet.resource.ResourceHttpRequestHandler]
Mapped URL path [/**] onto handler of type [class org.springframework.web.servlet.resource.ResourceHttpRequestHandler]
Mapped URL path [/**/favicon.ico] onto handler of type [class org.springframework.web.servlet.resource.ResourceHttpRequestHandler]
Registering beans for JMX exposure on startup
Initializing ProtocolHandler ["http-nio-8080"]
Starting ProtocolHandler [http-nio-8080]
Using a shared selector for servlet write/read
Tomcat started on port(s): 8080 (http)
Started SellApplication in 5.534 seconds (JVM running for 6.636)
Initializing Spring FrameworkServlet 'dispatcherServlet'
FrameworkServlet 'dispatcherServlet': initialization started
FrameworkServlet 'dispatcherServlet': initialization completed in 24 ms
redirectURI:https://open.weixin.qq.com/connect/oauth2/authorize?appid=wx00d5772bc0058d9b&redirect_uri=http%3A%2F%2F7dian.nat300.top%2Fsell%2Fwechat%2Fuserinfo&response_type=code&scope=snsapi_base&state=http%3A%2F%2Fwww.imooc.com#wechat_redirect
进入userinfo……
code:021G5eKT0oXilY1M6nKT0YL0KT0G5eKF,returnUrl:http://www.imooc.com
进入userinfo……
code:021G5eKT0oXilY1M6nKT0YL0KT0G5eKF,returnUrl:http://www.imooc.com
进入userinfo……
code:021G5eKT0oXilY1M6nKT0YL0KT0G5eKF,returnUrl:http://www.imooc.com
redirectURI:https://open.weixin.qq.com/connect/oauth2/authorize?appid=wx00d5772bc0058d9b&redirect_uri=http%3A%2F%2F7dian.nat300.top%2Fsell%2Fwechat%2Fuserinfo&response_type=code&scope=snsapi_base&state=http%3A%2F%2Fwww.imooc.com#wechat_redirect
进入userinfo……
code:011ey5xH1an80706MXxH1mKrxH1ey5x5,returnUrl:http://www.imooc.com
redirectURI:https://open.weixin.qq.com/connect/oauth2/authorize?appid=wx00d5772bc0058d9b&redirect_uri=http%3A%2F%2F7dian.nat300.top%2Fsell%2Fwechat%2Fuserinfo&response_type=code&scope=snsapi_base&state=http%3A%2F%2Fwww.imooc.com#wechat_redirect
进入userinfo……
code:011EjZB30IW49E1BKjA30jJWB30EjZB4,returnUrl:http://www.imooc.com
Starting SellApplication on 5HVJYPAN9TYFD4L with PID 15412 (E:\ideaWorkspaces\dev\java\imooc\sell\target\classes started by Administrator in E:\ideaWorkspaces\dev\java\imooc\sell)
The following profiles are active: dev
Refreshing org.springframework.boot.context.embedded.AnnotationConfigEmbeddedWebApplicationContext@4409e975: startup date [Thu Apr 19 16:41:37 CST 2018]; root of context hierarchy
HV000001: Hibernate Validator 5.2.4.Final
Bean 'org.springframework.transaction.annotation.ProxyTransactionManagementConfiguration' of type [class org.springframework.transaction.annotation.ProxyTransactionManagementConfiguration$$EnhancerBySpringCGLIB$$2ea58efa] is not eligible for getting processed by all BeanPostProcessors (for example: not eligible for auto-proxying)
Tomcat initialized with port(s): 8080 (http)
Starting service Tomcat
Starting Servlet Engine: Apache Tomcat/8.5.5
Initializing Spring embedded WebApplicationContext
Root WebApplicationContext: initialization completed in 1742 ms
Mapping servlet: 'dispatcherServlet' to [/]
Mapping filter: 'characterEncodingFilter' to: [/*]
Mapping filter: 'hiddenHttpMethodFilter' to: [/*]
Mapping filter: 'httpPutFormContentFilter' to: [/*]
Mapping filter: 'requestContextFilter' to: [/*]
Building JPA container EntityManagerFactory for persistence unit 'default'
HHH000204: Processing PersistenceUnitInfo [
	name: default
	...]
HHH000412: Hibernate Core {5.0.11.Final}
HHH000206: hibernate.properties not found
HHH000021: Bytecode provider name : javassist
HCANN000001: Hibernate Commons Annotations {5.0.1.Final}
HHH000400: Using dialect: org.hibernate.dialect.MySQL5Dialect
HHH000228: Running hbm2ddl schema update
Initialized JPA EntityManagerFactory for persistence unit 'default'
Looking for @ControllerAdvice: org.springframework.boot.context.embedded.AnnotationConfigEmbeddedWebApplicationContext@4409e975: startup date [Thu Apr 19 16:41:37 CST 2018]; root of context hierarchy
Mapped "{[/buyer/order/create],methods=[POST]}" onto public com.tianye.sell.VO.ResultVO<java.util.Map<java.lang.String, java.lang.String>> com.tianye.sell.controller.BuyerOrderController.create(com.tianye.sell.form.OrderForm,org.springframework.validation.BindingResult)
Mapped "{[/buyer/order/list],methods=[GET]}" onto public com.tianye.sell.VO.ResultVO<com.tianye.sell.dto.OrderDTO> com.tianye.sell.controller.BuyerOrderController.list(java.lang.String,java.lang.Integer,java.lang.Integer)
Mapped "{[/buyer/order/cancel],methods=[POST]}" onto public com.tianye.sell.VO.ResultVO com.tianye.sell.controller.BuyerOrderController.cancel(java.lang.String,java.lang.String)
Mapped "{[/buyer/order/detail],methods=[GET]}" onto public com.tianye.sell.VO.ResultVO<com.tianye.sell.dto.OrderDTO> com.tianye.sell.controller.BuyerOrderController.detail(java.lang.String,java.lang.String)
Mapped "{[/buyer/product/list],methods=[GET]}" onto public com.tianye.sell.VO.ResultVO com.tianye.sell.controller.BuyerProductController.list()
Mapped "{[/wechat/userinfo],methods=[GET]}" onto public java.lang.String com.tianye.sell.controller.WechatController.userInfo(java.lang.String,java.lang.String)
Mapped "{[/wechat/authorize],methods=[GET]}" onto public java.lang.String com.tianye.sell.controller.WechatController.authorize(java.lang.String)
Mapped "{[/weixin/auth],methods=[GET]}" onto public void com.tianye.sell.controller.WeixinController.auth(java.lang.String,java.lang.String)
Mapped "{[/error]}" onto public org.springframework.http.ResponseEntity<java.util.Map<java.lang.String, java.lang.Object>> org.springframework.boot.autoconfigure.web.BasicErrorController.error(javax.servlet.http.HttpServletRequest)
Mapped "{[/error],produces=[text/html]}" onto public org.springframework.web.servlet.ModelAndView org.springframework.boot.autoconfigure.web.BasicErrorController.errorHtml(javax.servlet.http.HttpServletRequest,javax.servlet.http.HttpServletResponse)
Mapped URL path [/webjars/**] onto handler of type [class org.springframework.web.servlet.resource.ResourceHttpRequestHandler]
Mapped URL path [/**] onto handler of type [class org.springframework.web.servlet.resource.ResourceHttpRequestHandler]
Mapped URL path [/**/favicon.ico] onto handler of type [class org.springframework.web.servlet.resource.ResourceHttpRequestHandler]
Registering beans for JMX exposure on startup
Initializing ProtocolHandler ["http-nio-8080"]
Starting ProtocolHandler [http-nio-8080]
Using a shared selector for servlet write/read
Tomcat started on port(s): 8080 (http)
Started SellApplication in 8.747 seconds (JVM running for 9.824)
Initializing Spring FrameworkServlet 'dispatcherServlet'
FrameworkServlet 'dispatcherServlet': initialization started
FrameworkServlet 'dispatcherServlet': initialization completed in 31 ms
redirectURI:https://open.weixin.qq.com/connect/oauth2/authorize?appid=wx00d5772bc0058d9b&redirect_uri=http%3A%2F%2F7dian.nat300.top%2Fsell%2Fwechat%2Fuserinfo&response_type=code&scope=snsapi_base&state=http%3A%2F%2Fwww.imooc.com#wechat_redirect
进入userinfo……
code:011mm7hO0UeDGa2qQKiO09f0hO0mm7hN,returnUrl:http://www.imooc.com
Starting SellApplication on 5HVJYPAN9TYFD4L with PID 95872 (E:\ideaWorkspaces\dev\java\imooc\sell\target\classes started by Administrator in E:\ideaWorkspaces\dev\java\imooc\sell)
The following profiles are active: dev
Refreshing org.springframework.boot.context.embedded.AnnotationConfigEmbeddedWebApplicationContext@4409e975: startup date [Thu Apr 19 16:42:32 CST 2018]; root of context hierarchy
HV000001: Hibernate Validator 5.2.4.Final
Bean 'org.springframework.transaction.annotation.ProxyTransactionManagementConfiguration' of type [class org.springframework.transaction.annotation.ProxyTransactionManagementConfiguration$$EnhancerBySpringCGLIB$$7fd2684f] is not eligible for getting processed by all BeanPostProcessors (for example: not eligible for auto-proxying)
Tomcat initialized with port(s): 8080 (http)
Starting service Tomcat
Starting Servlet Engine: Apache Tomcat/8.5.5
Initializing Spring embedded WebApplicationContext
Root WebApplicationContext: initialization completed in 1762 ms
Mapping servlet: 'dispatcherServlet' to [/]
Mapping filter: 'characterEncodingFilter' to: [/*]
Mapping filter: 'hiddenHttpMethodFilter' to: [/*]
Mapping filter: 'httpPutFormContentFilter' to: [/*]
Mapping filter: 'requestContextFilter' to: [/*]
Building JPA container EntityManagerFactory for persistence unit 'default'
HHH000204: Processing PersistenceUnitInfo [
	name: default
	...]
HHH000412: Hibernate Core {5.0.11.Final}
HHH000206: hibernate.properties not found
HHH000021: Bytecode provider name : javassist
HCANN000001: Hibernate Commons Annotations {5.0.1.Final}
HHH000400: Using dialect: org.hibernate.dialect.MySQL5Dialect
HHH000228: Running hbm2ddl schema update
Initialized JPA EntityManagerFactory for persistence unit 'default'
Looking for @ControllerAdvice: org.springframework.boot.context.embedded.AnnotationConfigEmbeddedWebApplicationContext@4409e975: startup date [Thu Apr 19 16:42:32 CST 2018]; root of context hierarchy
Mapped "{[/buyer/order/create],methods=[POST]}" onto public com.tianye.sell.VO.ResultVO<java.util.Map<java.lang.String, java.lang.String>> com.tianye.sell.controller.BuyerOrderController.create(com.tianye.sell.form.OrderForm,org.springframework.validation.BindingResult)
Mapped "{[/buyer/order/list],methods=[GET]}" onto public com.tianye.sell.VO.ResultVO<com.tianye.sell.dto.OrderDTO> com.tianye.sell.controller.BuyerOrderController.list(java.lang.String,java.lang.Integer,java.lang.Integer)
Mapped "{[/buyer/order/cancel],methods=[POST]}" onto public com.tianye.sell.VO.ResultVO com.tianye.sell.controller.BuyerOrderController.cancel(java.lang.String,java.lang.String)
Mapped "{[/buyer/order/detail],methods=[GET]}" onto public com.tianye.sell.VO.ResultVO<com.tianye.sell.dto.OrderDTO> com.tianye.sell.controller.BuyerOrderController.detail(java.lang.String,java.lang.String)
Mapped "{[/buyer/product/list],methods=[GET]}" onto public com.tianye.sell.VO.ResultVO com.tianye.sell.controller.BuyerProductController.list()
Mapped "{[/wechat/userinfo],methods=[GET]}" onto public java.lang.String com.tianye.sell.controller.WechatController.userInfo(java.lang.String,java.lang.String)
Mapped "{[/wechat/authorize],methods=[GET]}" onto public java.lang.String com.tianye.sell.controller.WechatController.authorize(java.lang.String)
Mapped "{[/weixin/auth],methods=[GET]}" onto public void com.tianye.sell.controller.WeixinController.auth(java.lang.String,java.lang.String)
Mapped "{[/error]}" onto public org.springframework.http.ResponseEntity<java.util.Map<java.lang.String, java.lang.Object>> org.springframework.boot.autoconfigure.web.BasicErrorController.error(javax.servlet.http.HttpServletRequest)
Mapped "{[/error],produces=[text/html]}" onto public org.springframework.web.servlet.ModelAndView org.springframework.boot.autoconfigure.web.BasicErrorController.errorHtml(javax.servlet.http.HttpServletRequest,javax.servlet.http.HttpServletResponse)
Mapped URL path [/webjars/**] onto handler of type [class org.springframework.web.servlet.resource.ResourceHttpRequestHandler]
Mapped URL path [/**] onto handler of type [class org.springframework.web.servlet.resource.ResourceHttpRequestHandler]
Mapped URL path [/**/favicon.ico] onto handler of type [class org.springframework.web.servlet.resource.ResourceHttpRequestHandler]
Registering beans for JMX exposure on startup
Initializing ProtocolHandler ["http-nio-8080"]
Starting ProtocolHandler [http-nio-8080]
Using a shared selector for servlet write/read
Tomcat started on port(s): 8080 (http)
Started SellApplication in 8.536 seconds (JVM running for 9.699)
Initializing Spring FrameworkServlet 'dispatcherServlet'
FrameworkServlet 'dispatcherServlet': initialization started
FrameworkServlet 'dispatcherServlet': initialization completed in 34 ms
redirectURI:https://open.weixin.qq.com/connect/oauth2/authorize?appid=wx00d5772bc0058d9b&redirect_uri=http%3A%2F%2F7dian.nat300.top%2Fsell%2Fwechat%2Fuserinfo&response_type=code&scope=snsapi_userinfo&state=http%3A%2F%2Fwww.imooc.com#wechat_redirect
进入userinfo……
code:081J7zaC0qt0Yf28VQ7C0NswaC0J7zaz,returnUrl:http://www.imooc.com
进入userinfo……
code:081J7zaC0qt0Yf28VQ7C0NswaC0J7zaz,returnUrl:http://www.imooc.com
redirectURI:https://open.weixin.qq.com/connect/oauth2/authorize?appid=wx00d5772bc0058d9b&redirect_uri=http%3A%2F%2F7dian.nat300.top%2Fsell%2Fwechat%2Fuserinfo&response_type=code&scope=snsapi_userinfo&state=http%3A%2F%2Fwww.imooc.com#wechat_redirect
进入userinfo……
code:061hmpMO07Rnpa2idcKO0P2uMO0hmpM9,returnUrl:http://www.imooc.com
redirectURI:https://open.weixin.qq.com/connect/oauth2/authorize?appid=wx00d5772bc0058d9b&redirect_uri=http%3A%2F%2F7dian.nat300.top%2Fsell%2Fwechat%2Fuserinfo&response_type=code&scope=snsapi_userinfo&state=http%3A%2F%2Fwww.imooc.com#wechat_redirect
进入userinfo……
code:01167y8k0L4dBn17Q38k0B8x8k067y8S,returnUrl:http://www.imooc.com
redirectURI:https://open.weixin.qq.com/connect/oauth2/authorize?appid=wx00d5772bc0058d9b&redirect_uri=http%3A%2F%2F7dian.nat300.top%2Fsell%2Fwechat%2Fuserinfo&response_type=code&scope=snsapi_userinfo&state=http%3A%2F%2Fwww.imooc.com#wechat_redirect
进入userinfo……
code:071WfByu03sYSa1riIyu0HGkyu0WfBy7,returnUrl:http://www.imooc.com
进入userinfo……
code:071WfByu03sYSa1riIyu0HGkyu0WfBy7,returnUrl:http://www.imooc.com
redirectURI:https://open.weixin.qq.com/connect/oauth2/authorize?appid=wx00d5772bc0058d9b&redirect_uri=http%3A%2F%2F7dian.nat300.top%2Fsell%2Fwechat%2Fuserinfo&response_type=code&scope=snsapi_userinfo&state=http%3A%2F%2Fwww.imooc.com#wechat_redirect
进入userinfo……
code:061hmpMO07Rnpa2idcKO0P2uMO0hmpM9,returnUrl:http://www.imooc.com
进入userinfo……
code:021oge9J0Wd83i2BxF9J0O3j9J0oge9S,returnUrl:http://www.imooc.com
redirectURI:https://open.weixin.qq.com/connect/oauth2/authorize?appid=wx00d5772bc0058d9b&redirect_uri=http%3A%2F%2F7dian.nat300.top%2Fsell%2Fwechat%2Fuserinfo&response_type=code&scope=snsapi_userinfo&state=http%3A%2F%2Fwww.imooc.com#wechat_redirect
进入userinfo……
code:061RE7Zd1gjPtr0VTXXd1BK6Zd1RE7Za,returnUrl:http://www.imooc.com
redirectURI:https://open.weixin.qq.com/connect/oauth2/authorize?appid=wx00d5772bc0058d9b&redirect_uri=http%3A%2F%2F7dian.nat300.top%2Fsell%2Fwechat%2Fuserinfo&response_type=code&scope=snsapi_userinfo&state=http%3A%2F%2Fwww.imooc.com#wechat_redirect
进入userinfo……
code:0012ruwq15a5kq08qJxq1jSDwq12ruwg,returnUrl:http://www.imooc.com
Starting SellApplication on 5HVJYPAN9TYFD4L with PID 103012 (E:\ideaWorkspaces\dev\java\imooc\sell\target\classes started by Administrator in E:\ideaWorkspaces\dev\java\imooc\sell)
The following profiles are active: dev
Refreshing org.springframework.boot.context.embedded.AnnotationConfigEmbeddedWebApplicationContext@7bedc48a: startup date [Thu Apr 19 17:00:56 CST 2018]; root of context hierarchy
HV000001: Hibernate Validator 5.2.4.Final
Bean 'org.springframework.transaction.annotation.ProxyTransactionManagementConfiguration' of type [class org.springframework.transaction.annotation.ProxyTransactionManagementConfiguration$$EnhancerBySpringCGLIB$$88a281ae] is not eligible for getting processed by all BeanPostProcessors (for example: not eligible for auto-proxying)
Tomcat initialized with port(s): 8080 (http)
Starting service Tomcat
Starting Servlet Engine: Apache Tomcat/8.5.5
Initializing Spring embedded WebApplicationContext
Root WebApplicationContext: initialization completed in 1678 ms
Mapping servlet: 'dispatcherServlet' to [/]
Mapping filter: 'characterEncodingFilter' to: [/*]
Mapping filter: 'hiddenHttpMethodFilter' to: [/*]
Mapping filter: 'httpPutFormContentFilter' to: [/*]
Mapping filter: 'requestContextFilter' to: [/*]
Building JPA container EntityManagerFactory for persistence unit 'default'
HHH000204: Processing PersistenceUnitInfo [
	name: default
	...]
HHH000412: Hibernate Core {5.0.11.Final}
HHH000206: hibernate.properties not found
HHH000021: Bytecode provider name : javassist
HCANN000001: Hibernate Commons Annotations {5.0.1.Final}
HHH000400: Using dialect: org.hibernate.dialect.MySQL5Dialect
HHH000228: Running hbm2ddl schema update
Initialized JPA EntityManagerFactory for persistence unit 'default'
Looking for @ControllerAdvice: org.springframework.boot.context.embedded.AnnotationConfigEmbeddedWebApplicationContext@7bedc48a: startup date [Thu Apr 19 17:00:56 CST 2018]; root of context hierarchy
Mapped "{[/buyer/order/create],methods=[POST]}" onto public com.tianye.sell.VO.ResultVO<java.util.Map<java.lang.String, java.lang.String>> com.tianye.sell.controller.BuyerOrderController.create(com.tianye.sell.form.OrderForm,org.springframework.validation.BindingResult)
Mapped "{[/buyer/order/list],methods=[GET]}" onto public com.tianye.sell.VO.ResultVO<com.tianye.sell.dto.OrderDTO> com.tianye.sell.controller.BuyerOrderController.list(java.lang.String,java.lang.Integer,java.lang.Integer)
Mapped "{[/buyer/order/detail],methods=[GET]}" onto public com.tianye.sell.VO.ResultVO<com.tianye.sell.dto.OrderDTO> com.tianye.sell.controller.BuyerOrderController.detail(java.lang.String,java.lang.String)
Mapped "{[/buyer/order/cancel],methods=[POST]}" onto public com.tianye.sell.VO.ResultVO com.tianye.sell.controller.BuyerOrderController.cancel(java.lang.String,java.lang.String)
Mapped "{[/buyer/product/list],methods=[GET]}" onto public com.tianye.sell.VO.ResultVO com.tianye.sell.controller.BuyerProductController.list()
Mapped "{[/wechat/userinfo],methods=[GET]}" onto public java.lang.String com.tianye.sell.controller.WechatController.userInfo(java.lang.String,java.lang.String)
Mapped "{[/wechat/authorize],methods=[GET]}" onto public java.lang.String com.tianye.sell.controller.WechatController.authorize(java.lang.String)
Mapped "{[/weixin/auth],methods=[GET]}" onto public void com.tianye.sell.controller.WeixinController.auth(java.lang.String,java.lang.String)
Mapped "{[/error]}" onto public org.springframework.http.ResponseEntity<java.util.Map<java.lang.String, java.lang.Object>> org.springframework.boot.autoconfigure.web.BasicErrorController.error(javax.servlet.http.HttpServletRequest)
Mapped "{[/error],produces=[text/html]}" onto public org.springframework.web.servlet.ModelAndView org.springframework.boot.autoconfigure.web.BasicErrorController.errorHtml(javax.servlet.http.HttpServletRequest,javax.servlet.http.HttpServletResponse)
Mapped URL path [/webjars/**] onto handler of type [class org.springframework.web.servlet.resource.ResourceHttpRequestHandler]
Mapped URL path [/**] onto handler of type [class org.springframework.web.servlet.resource.ResourceHttpRequestHandler]
Mapped URL path [/**/favicon.ico] onto handler of type [class org.springframework.web.servlet.resource.ResourceHttpRequestHandler]
Registering beans for JMX exposure on startup
Initializing ProtocolHandler ["http-nio-8080"]
Starting ProtocolHandler [http-nio-8080]
Using a shared selector for servlet write/read
Tomcat started on port(s): 8080 (http)
Started SellApplication in 5.149 seconds (JVM running for 6.116)
Starting SellApplication on 5HVJYPAN9TYFD4L with PID 55944 (E:\ideaWorkspaces\dev\java\imooc\sell\target\classes started by Administrator in E:\ideaWorkspaces\dev\java\imooc\sell)
The following profiles are active: dev
Refreshing org.springframework.boot.context.embedded.AnnotationConfigEmbeddedWebApplicationContext@7bedc48a: startup date [Thu Apr 19 17:05:15 CST 2018]; root of context hierarchy
HV000001: Hibernate Validator 5.2.4.Final
Bean 'org.springframework.transaction.annotation.ProxyTransactionManagementConfiguration' of type [class org.springframework.transaction.annotation.ProxyTransactionManagementConfiguration$$EnhancerBySpringCGLIB$$88a281ae] is not eligible for getting processed by all BeanPostProcessors (for example: not eligible for auto-proxying)
Tomcat initialized with port(s): 8080 (http)
Starting service Tomcat
Starting Servlet Engine: Apache Tomcat/8.5.5
Initializing Spring embedded WebApplicationContext
Root WebApplicationContext: initialization completed in 1856 ms
Mapping servlet: 'dispatcherServlet' to [/]
Mapping filter: 'characterEncodingFilter' to: [/*]
Mapping filter: 'hiddenHttpMethodFilter' to: [/*]
Mapping filter: 'httpPutFormContentFilter' to: [/*]
Mapping filter: 'requestContextFilter' to: [/*]
Building JPA container EntityManagerFactory for persistence unit 'default'
HHH000204: Processing PersistenceUnitInfo [
	name: default
	...]
HHH000412: Hibernate Core {5.0.11.Final}
HHH000206: hibernate.properties not found
HHH000021: Bytecode provider name : javassist
HCANN000001: Hibernate Commons Annotations {5.0.1.Final}
HHH000400: Using dialect: org.hibernate.dialect.MySQL5Dialect
HHH000228: Running hbm2ddl schema update
Initialized JPA EntityManagerFactory for persistence unit 'default'
Looking for @ControllerAdvice: org.springframework.boot.context.embedded.AnnotationConfigEmbeddedWebApplicationContext@7bedc48a: startup date [Thu Apr 19 17:05:15 CST 2018]; root of context hierarchy
Mapped "{[/buyer/order/create],methods=[POST]}" onto public com.tianye.sell.VO.ResultVO<java.util.Map<java.lang.String, java.lang.String>> com.tianye.sell.controller.BuyerOrderController.create(com.tianye.sell.form.OrderForm,org.springframework.validation.BindingResult)
Mapped "{[/buyer/order/list],methods=[GET]}" onto public com.tianye.sell.VO.ResultVO<com.tianye.sell.dto.OrderDTO> com.tianye.sell.controller.BuyerOrderController.list(java.lang.String,java.lang.Integer,java.lang.Integer)
Mapped "{[/buyer/order/cancel],methods=[POST]}" onto public com.tianye.sell.VO.ResultVO com.tianye.sell.controller.BuyerOrderController.cancel(java.lang.String,java.lang.String)
Mapped "{[/buyer/order/detail],methods=[GET]}" onto public com.tianye.sell.VO.ResultVO<com.tianye.sell.dto.OrderDTO> com.tianye.sell.controller.BuyerOrderController.detail(java.lang.String,java.lang.String)
Mapped "{[/buyer/product/list],methods=[GET]}" onto public com.tianye.sell.VO.ResultVO com.tianye.sell.controller.BuyerProductController.list()
Mapped "{[/wechat/userinfo],methods=[GET]}" onto public java.lang.String com.tianye.sell.controller.WechatController.userInfo(java.lang.String,java.lang.String)
Mapped "{[/wechat/authorize],methods=[GET]}" onto public java.lang.String com.tianye.sell.controller.WechatController.authorize(java.lang.String)
Mapped "{[/weixin/auth],methods=[GET]}" onto public void com.tianye.sell.controller.WeixinController.auth(java.lang.String,java.lang.String)
Mapped "{[/error]}" onto public org.springframework.http.ResponseEntity<java.util.Map<java.lang.String, java.lang.Object>> org.springframework.boot.autoconfigure.web.BasicErrorController.error(javax.servlet.http.HttpServletRequest)
Mapped "{[/error],produces=[text/html]}" onto public org.springframework.web.servlet.ModelAndView org.springframework.boot.autoconfigure.web.BasicErrorController.errorHtml(javax.servlet.http.HttpServletRequest,javax.servlet.http.HttpServletResponse)
Mapped URL path [/webjars/**] onto handler of type [class org.springframework.web.servlet.resource.ResourceHttpRequestHandler]
Mapped URL path [/**] onto handler of type [class org.springframework.web.servlet.resource.ResourceHttpRequestHandler]
Mapped URL path [/**/favicon.ico] onto handler of type [class org.springframework.web.servlet.resource.ResourceHttpRequestHandler]
Registering beans for JMX exposure on startup
Initializing ProtocolHandler ["http-nio-8080"]
Starting ProtocolHandler [http-nio-8080]
Using a shared selector for servlet write/read
Tomcat started on port(s): 8080 (http)
Started SellApplication in 5.237 seconds (JVM running for 6.148)
Initializing Spring FrameworkServlet 'dispatcherServlet'
FrameworkServlet 'dispatcherServlet': initialization started
FrameworkServlet 'dispatcherServlet': initialization completed in 29 ms
进入userinfo……
code:021G5eKT0oXilY1M6nKT0YL0KT0G5eKF,returnUrl:http://www.imooc.com
HHH000397: Using ASTQueryTranslatorFactory
进入userinfo……
code:071WfByu03sYSa1riIyu0HGkyu0WfBy7,returnUrl:http://www.imooc.com
redirectURI:https://open.weixin.qq.com/connect/oauth2/authorize?appid=wx00d5772bc0058d9b&redirect_uri=http%3A%2F%2F7dian.nat300.top%2Fsell%2Fwechat%2Fuserinfo&response_type=code&scope=snsapi_userinfo&state=http%3A%2F%2Fsell.com%2F%23%2F#wechat_redirect
redirectURI:https://open.weixin.qq.com/connect/oauth2/authorize?appid=wx00d5772bc0058d9b&redirect_uri=http%3A%2F%2F7dian.nat300.top%2Fsell%2Fwechat%2Fuserinfo&response_type=code&scope=snsapi_userinfo&state=http%3A%2F%2Fsell.com%2F%23%2F#wechat_redirect
redirectURI:https://open.weixin.qq.com/connect/oauth2/authorize?appid=wx00d5772bc0058d9b&redirect_uri=http%3A%2F%2F7dian.nat300.top%2Fsell%2Fwechat%2Fuserinfo&response_type=code&scope=snsapi_userinfo&state=http%3A%2F%2Fwww.imooc.com#wechat_redirect
进入userinfo……
code:021AaRE10gZW5G1IJfF10FafF10AaREG,returnUrl:http://www.imooc.com
redirectURI:https://open.weixin.qq.com/connect/oauth2/authorize?appid=wx00d5772bc0058d9b&redirect_uri=http%3A%2F%2F7dian.nat300.top%2Fsell%2Fwechat%2Fuserinfo&response_type=code&scope=snsapi_userinfo&state=http%3A%2F%2Fsell.com%2F%23%2F#wechat_redirect
redirectURI:https://open.weixin.qq.com/connect/oauth2/authorize?appid=wx00d5772bc0058d9b&redirect_uri=http%3A%2F%2F7dian.nat300.top%2Fsell%2Fwechat%2Fuserinfo&response_type=code&scope=snsapi_userinfo&state=http%3A%2F%2Fsell.com%2F%23%2F#wechat_redirect
redirectURI:https://open.weixin.qq.com/connect/oauth2/authorize?appid=wx00d5772bc0058d9b&redirect_uri=http%3A%2F%2F7dian.nat300.top%2Fsell%2Fwechat%2Fuserinfo&response_type=code&scope=snsapi_userinfo&state=http%3A%2F%2Fsell.com%2F%23%2F#wechat_redirect
进入userinfo……
code:011TKT0Q1IRGb91s2c0Q1c1W0Q1TKT0X,returnUrl:http://sell.com/#/
redirectURI:https://open.weixin.qq.com/connect/oauth2/authorize?appid=wx00d5772bc0058d9b&redirect_uri=http%3A%2F%2F7dian.nat300.top%2Fsell%2Fwechat%2Fuserinfo&response_type=code&scope=snsapi_userinfo&state=http%3A%2F%2Fsell.com%2F%23%2F#wechat_redirect
进入userinfo……
code:011jxcvH0RZGoh2SeVwH0LbcvH0jxcvC,returnUrl:
进入userinfo……
code:011TKT0Q1IRGb91s2c0Q1c1W0Q1TKT0X,returnUrl:http://sell.com/#/
